c:\users\basil\documents\visual studio net app c#\winmine\winmine\release\vc142.pdb
c:\users\basil\documents\visual studio net app c#\winmine\winmine\release\cmain.obj
c:\users\basil\documents\visual studio net app c#\winmine\winmine\release\capp.obj
c:\users\basil\documents\visual studio net app c#\winmine\release\winmine.exe
c:\users\basil\documents\visual studio net app c#\winmine\release\winmine.pdb
c:\users\basil\documents\visual studio net app c#\winmine\winmine\release\resource.res
c:\users\basil\documents\visual studio net app c#\winmine\release\winmine.ipdb
c:\users\basil\documents\visual studio net app c#\winmine\release\winmine.iobj
c:\users\basil\desktop\winmine\winmine\release\capp.obj
c:\users\basil\desktop\winmine\winmine\release\cmain.obj
c:\users\basil\desktop\winmine\winmine\release\resource.res
c:\users\basil\desktop\winmine\winmine\release\vc142.pdb
c:\users\basil\desktop\winmine\release\winmine.pdb
c:\users\basil\desktop\winmine\release\winmine.exe
c:\users\basil\desktop\winmine\winmine\release\winmine.tlog\cl.command.1.tlog
c:\users\basil\desktop\winmine\winmine\release\winmine.tlog\cl.read.1.tlog
c:\users\basil\desktop\winmine\winmine\release\winmine.tlog\cl.write.1.tlog
c:\users\basil\desktop\winmine\winmine\release\winmine.tlog\link.command.1.tlog
c:\users\basil\desktop\winmine\winmine\release\winmine.tlog\link.delete.1.tlog
c:\users\basil\desktop\winmine\winmine\release\winmine.tlog\link.read.1.tlog
c:\users\basil\desktop\winmine\winmine\release\winmine.tlog\link.write.1.tlog
c:\users\basil\desktop\winmine\winmine\release\winmine.tlog\rc.command.1.tlog
c:\users\basil\desktop\winmine\winmine\release\winmine.tlog\rc.read.1.tlog
c:\users\basil\desktop\winmine\winmine\release\winmine.tlog\rc.write.1.tlog
c:\users\basil\desktop\winmine\winmine\release\winmine.tlog\winmine.write.1u.tlog
